[debug] [2020-04-18T23:24:44.256Z] ----------------------------------------------------------------------
[debug] [2020-04-18T23:24:44.264Z] Command:       C:\Program Files\node.js\node.exe C:\Users\gsharpp\AppData\Roaming\npm\node_modules\firebase-tools\lib\bin\firebase.js emulators:start --only functions
[debug] [2020-04-18T23:24:44.265Z] CLI Version:   8.1.1
[debug] [2020-04-18T23:24:44.265Z] Platform:      win32
[debug] [2020-04-18T23:24:44.265Z] Node Version:  v13.10.1
[debug] [2020-04-18T23:24:44.267Z] Time:          Sun Apr 19 2020 01:24:44 GMT+0200 (Central European Summer Time)
[debug] [2020-04-18T23:24:44.267Z] ----------------------------------------------------------------------
[debug] [2020-04-18T23:24:44.267Z] 
[debug] [2020-04-18T23:24:44.283Z] > command requires scopes: ["email","openid","https://www.googleapis.com/auth/cloudplatformprojects.readonly","https://www.googleapis.com/auth/firebase","https://www.googleapis.com/auth/cloud-platform"]
[debug] [2020-04-18T23:24:44.284Z] > authorizing via signed-in user
[info] i  emulators: Starting emulators: functions
[warn] !  emulators: It seems that you are running multiple instances of the emulator suite for project dbtronics-79c66. This may result in unexpected behavior.
[debug] [2020-04-18T23:24:46.401Z] [hub] writing locator at C:\Users\gsharpp\AppData\Local\Temp\hub-dbtronics-79c66.json
[info] +  hub: emulator hub started at http://localhost:4400
[warn] !  Your requested "node" version "8" doesn't match your global version "13"
[info] +  functions: functions emulator started at http://localhost:5001
[info] i  functions: Watching "C:\dev\appointment-scheduler-master\functions" for Cloud Functions...
[debug] [2020-04-18T23:24:48.505Z] [worker-pool] addWorker(~diagnostic~) 
[debug] [2020-04-18T23:24:48.505Z] [worker-pool] Adding worker with key ~diagnostic~, total=1 
[debug] [2020-04-18T23:24:48.505Z] [worker-pool] submitWork(triggerId=) 
[debug] [2020-04-18T23:24:48.506Z] [worker-~diagnostic~-6f709939-052b-4727-b4b9-98493f729126]: Assigning socketPath: \\?\pipe\C:\dev\appointment-scheduler-master\functions\9224 
[debug] [2020-04-18T23:24:48.506Z] [worker-~diagnostic~-6f709939-052b-4727-b4b9-98493f729126]: BUSY 
[debug] [2020-04-18T23:24:49.523Z] [runtime-status] [9224] Functions runtime initialized. {"cwd":"C:\\dev\\appointment-scheduler-master\\functions","node_version":"13.10.1"} 
[debug] [2020-04-18T23:24:49.526Z] [runtime-status] [9224] Disabled runtime features: undefined 
[debug] [2020-04-18T23:24:49.534Z] [runtime-status] [9224] Resolved module firebase-admin {"declared":true,"installed":true,"version":"8.10.0","resolution":"C:\\dev\\appointment-scheduler-master\\functions\\node_modules\\firebase-admin\\lib\\index.js"} 
[debug] [2020-04-18T23:24:49.543Z] [runtime-status] [9224] Resolved module firebase-functions {"declared":true,"installed":true,"version":"3.6.0","resolution":"C:\\dev\\appointment-scheduler-master\\functions\\node_modules\\firebase-functions\\lib\\index.js"} 
[debug] [2020-04-18T23:24:49.546Z] [runtime-status] [9224] Outgoing network have been stubbed. [{"name":"http","status":"mocked"},{"name":"http","status":"mocked"},{"name":"https","status":"mocked"},{"name":"https","status":"mocked"},{"name":"net","status":"mocked"}] 
