[debug] [2020-04-30T09:48:58.169Z] ----------------------------------------------------------------------
[debug] [2020-04-30T09:48:58.177Z] Command:       C:\node.js\node.exe C:\Users\gsharpp\AppData\Roaming\npm\node_modules\firebase-tools\lib\bin\firebase.js emulators:start
[debug] [2020-04-30T09:48:58.178Z] CLI Version:   8.2.0
[debug] [2020-04-30T09:48:58.178Z] Platform:      win32
[debug] [2020-04-30T09:48:58.178Z] Node Version:  v13.13.0
[debug] [2020-04-30T09:48:58.179Z] Time:          Thu Apr 30 2020 11:48:58 GMT+0200 (Central European Summer Time)
[debug] [2020-04-30T09:48:58.179Z] ----------------------------------------------------------------------
[debug] [2020-04-30T09:48:58.179Z] 
[debug] [2020-04-30T09:48:58.196Z] > command requires scopes: ["email","openid","https://www.googleapis.com/auth/cloudplatformprojects.readonly","https://www.googleapis.com/auth/firebase","https://www.googleapis.com/auth/cloud-platform"]
[debug] [2020-04-30T09:48:58.197Z] > authorizing via signed-in user
[info] i  emulators: Starting emulators: functions, firestore, database, hosting
[debug] [2020-04-30T09:49:00.313Z] [hub] writing locator at C:\Users\gsharpp\AppData\Local\Temp\hub-dbtronics-79c66.json
[info] +  hub: emulator hub started at http://localhost:4400
[warn] !  Your requested "node" version "8" doesn't match your global version "13"
[info] +  functions: functions emulator started at http://localhost:5011
[warn] !  firestore: Cloud Firestore rules file C:\dev\appointment-scheduler-master\firestore.rules specified in firebase.json does not exist.
[warn] !  firestore: The emulator will default to allowing all reads and writes. Learn more about this option: https://firebase.google.com/docs/emulator-suite/install_and_configure#security_rules_configuration.
[debug] [2020-04-30T09:49:04.355Z] Ignoring unsupported arg: projectId
[debug] [2020-04-30T09:49:04.355Z] Ignoring unsupported arg: auto_download
[debug] [2020-04-30T09:49:04.355Z] Starting firestore emulator with command {"binary":"java","args":["-Duser.language=en","-jar","C:\\Users\\gsharpp\\.cache\\firebase\\emulators\\cloud-firestore-emulator-v1.11.3.jar","--host","localhost","--port",5013,"--functions_emulator","localhost:5011"],"optionalArgs":["port","webchannel_port","host","rules","functions_emulator","seed_from_export"],"joinArgs":false}
[info] i  firestore: firestore emulator logging to firestore-debug.log
[debug] [2020-04-30T09:49:08.825Z] API endpoint: http://localhost
[debug] [2020-04-30T09:49:08.826Z] :5013
If you are using a library that supports the FIRESTORE_EMULATOR_HOST environment variable, run:

   export FIRESTORE_EMULATOR_HOST=localhost:5013

Dev App Server is now running.


[info] +  firestore: firestore emulator started at http://localhost:5013
[info] i  firestore: For testing set FIRESTORE_EMULATOR_HOST=localhost:5013
[warn] !  database: Did not find a Realtime Database rules file specified in a firebase.json config file.
[warn] !  database: The emulator will default to allowing all reads and writes. Learn more about this option: https://firebase.google.com/docs/emulator-suite/install_and_configure#security_rules_configuration.
[debug] [2020-04-30T09:49:10.909Z] Ignoring unsupported arg: projectId
[debug] [2020-04-30T09:49:10.909Z] Ignoring unsupported arg: auto_download
[debug] [2020-04-30T09:49:10.909Z] Starting database emulator with command {"binary":"java","args":["-Duser.language=en","-jar","C:\\Users\\gsharpp\\.cache\\firebase\\emulators\\firebase-database-emulator-v4.4.1.jar","--host","localhost","--port",9012,"--functions_emulator_host","localhost","--functions_emulator_port",5011],"optionalArgs":["port","host","functions_emulator_port","functions_emulator_host"],"joinArgs":false}
[info] i  database: database emulator logging to database-debug.log
[debug] [2020-04-30T09:49:15.754Z] 11:49:15.751 [NamespaceSystem-akka.actor.default-dispatcher-5] INFO akka.event.slf4j.Slf4jLogger - Slf4jLogger started

[debug] [2020-04-30T09:49:16.270Z] 11:49:16.269 [main] INFO com.firebase.server.forge.App$ - Listening at localhost:9012

[info] +  database: database emulator started at http://localhost:9012
[info] i  database: For testing set FIREBASE_DATABASE_EMULATOR_HOST=localhost:9012
[debug] [2020-04-30T09:49:18.974Z] > refreshing access token with scopes: ["email","https://www.googleapis.com/auth/cloud-platform","https://www.googleapis.com/auth/cloudplatformprojects.readonly","https://www.googleapis.com/auth/firebase","openid"]
[debug] [2020-04-30T09:49:18.974Z] >>> HTTP REQUEST POST https://www.googleapis.com/oauth2/v3/token  
 <request body omitted>
[debug] [2020-04-30T09:49:19.446Z] <<< HTTP RESPONSE 200 {"content-type":"application/json; charset=utf-8","vary":"X-Origin, Referer, Origin,Accept-Encoding","date":"Thu, 30 Apr 2020 09:49:20 GMT","server":"scaffolding on HTTPServer2","cache-control":"private","x-xss-protection":"0","x-frame-options":"SAMEORIGIN","x-content-type-options":"nosniff","alt-svc":"h3-Q050=\":443\"; ma=2592000,h3-Q049=\":443\"; ma=2592000,h3-Q048=\":443\"; ma=2592000,h3-Q046=\":443\"; ma=2592000,h3-Q043=\":443\"; ma=2592000,h3-T050=\":443\"; ma=2592000,quic=\":443\"; ma=2592000; v=\"46,43\"","accept-ranges":"none","transfer-encoding":"chunked"}
[debug] [2020-04-30T09:49:19.458Z] >>> HTTP REQUEST GET https://firebase.googleapis.com/v1beta1/projects/dbtronics-79c66/webApps/-/config  
 
[debug] [2020-04-30T09:49:20.600Z] <<< HTTP RESPONSE 200 {"content-type":"application/json; charset=UTF-8","vary":"X-Origin, Referer, Origin,Accept-Encoding","date":"Thu, 30 Apr 2020 09:49:21 GMT","server":"ESF","cache-control":"private","x-xss-protection":"0","x-frame-options":"SAMEORIGIN","x-content-type-options":"nosniff","alt-svc":"h3-Q050=\":443\"; ma=2592000,h3-Q049=\":443\"; ma=2592000,h3-Q048=\":443\"; ma=2592000,h3-Q046=\":443\"; ma=2592000,h3-Q043=\":443\"; ma=2592000,h3-T050=\":443\"; ma=2592000,quic=\":443\"; ma=2592000; v=\"46,43\"","accept-ranges":"none","transfer-encoding":"chunked"}
[info] i  hosting: Serving hosting files from: dist
[info] +  hosting: Local server: http://localhost:5010
[info] +  hosting: hosting emulator started at http://localhost:5010
[info] i  functions: Watching "C:\dev\appointment-scheduler-master\functions" for Cloud Functions...
[debug] [2020-04-30T09:49:20.691Z] [worker-pool] addWorker(~diagnostic~) 
[debug] [2020-04-30T09:49:20.692Z] [worker-pool] Adding worker with key ~diagnostic~, total=1 
[debug] [2020-04-30T09:49:20.693Z] [worker-pool] submitWork(triggerId=) 
[debug] [2020-04-30T09:49:20.693Z] [worker-~diagnostic~-7b807e58-039b-43df-84f9-d4e12abf6cd8]: Assigning socketPath: \\?\pipe\C:\dev\appointment-scheduler-master\functions\20592 
[debug] [2020-04-30T09:49:20.694Z] [worker-~diagnostic~-7b807e58-039b-43df-84f9-d4e12abf6cd8]: BUSY 
[debug] [2020-04-30T09:49:21.721Z] [runtime-status] [20592] Functions runtime initialized. {"cwd":"C:\\dev\\appointment-scheduler-master\\functions","node_version":"13.13.0"} 
[debug] [2020-04-30T09:49:21.725Z] [runtime-status] [20592] Disabled runtime features: undefined 
[debug] [2020-04-30T09:49:21.730Z] [runtime-status] [20592] Resolved module firebase-admin {"declared":true,"installed":true,"version":"8.11.0","resolution":"C:\\dev\\appointment-scheduler-master\\functions\\node_modules\\firebase-admin\\lib\\index.js"} 
[debug] [2020-04-30T09:49:21.739Z] [runtime-status] [20592] Resolved module firebase-functions {"declared":true,"installed":true,"version":"3.6.0","resolution":"C:\\dev\\appointment-scheduler-master\\functions\\node_modules\\firebase-functions\\lib\\index.js"} 
[warn] !  functions: Your GOOGLE_APPLICATION_CREDENTIALS environment variable points to C:\dev\todoauth.json. Non-emulated services will access production using these credentials. Be careful!
[debug] [2020-04-30T09:49:21.742Z] [runtime-status] [20592] Outgoing network have been stubbed. [{"name":"http","status":"mocked"},{"name":"http","status":"mocked"},{"name":"https","status":"mocked"},{"name":"https","status":"mocked"},{"name":"net","status":"mocked"}] 
[debug] [2020-04-30T09:49:21.855Z] [runtime-status] [20592] Checked functions.config() {"config":{}} 
[debug] [2020-04-30T09:49:21.856Z] [runtime-status] [20592] Resolved module firebase-functions {"declared":true,"installed":true,"version":"3.6.0","resolution":"C:\\dev\\appointment-scheduler-master\\functions\\node_modules\\firebase-functions\\lib\\index.js"} 
[debug] [2020-04-30T09:49:21.857Z] [runtime-status] [20592] Resolved module firebase-admin {"declared":true,"installed":true,"version":"8.11.0","resolution":"C:\\dev\\appointment-scheduler-master\\functions\\node_modules\\firebase-admin\\lib\\index.js"} 
[debug] [2020-04-30T09:49:21.860Z] [runtime-status] [20592] Resolved module firebase-functions {"declared":true,"installed":true,"version":"3.6.0","resolution":"C:\\dev\\appointment-scheduler-master\\functions\\node_modules\\firebase-functions\\lib\\index.js"} 
[debug] [2020-04-30T09:49:21.861Z] [runtime-status] [20592] firebase-admin has been stubbed. {"adminResolution":{"declared":true,"installed":true,"version":"8.11.0","resolution":"C:\\dev\\appointment-scheduler-master\\functions\\node_modules\\firebase-admin\\lib\\index.js"}} 
[debug] [2020-04-30T09:49:22.220Z] [runtime-status] [20592] initializeApp(DEFAULT) {"databaseURL":"https://dbtronics-79c66.firebaseio.com","storageBucket":"dbtronics-79c66.appspot.com","projectId":"dbtronics-79c66"} 
[info] +  functions[api]: http function initialized (http://localhost:5011/dbtronics-79c66/us-central1/api).
[info] +  emulators: All emulators started, it is now safe to connect.
[debug] [2020-04-30T09:49:23.383Z] [worker-~diagnostic~-7b807e58-039b-43df-84f9-d4e12abf6cd8]: IDLE 
[error] 
